d:\git\choiceofgamecedarville\textgamecollab\textgamecollab\debug\vc140.pdb
d:\git\choiceofgamecedarville\textgamecollab\textgamecollab\debug\vc140.idb
d:\git\choiceofgamecedarville\textgamecollab\textgamecollab\debug\library.obj
d:\git\choiceofgamecedarville\textgamecollab\textgamecollab\debug\main.obj
d:\git\choiceofgamecedarville\textgamecollab\textgamecollab\debug\choicequestion.obj
c:\users\sam\documents\my actual documents\whatever you would know the project would be named\choiceofgamecedarville\textgamecollab\textgamecollab\debug\vc140.pdb
c:\users\sam\documents\my actual documents\whatever you would know the project would be named\choiceofgamecedarville\textgamecollab\textgamecollab\debug\vc140.idb
c:\users\sam\documents\my actual documents\whatever you would know the project would be named\choiceofgamecedarville\textgamecollab\textgamecollab\debug\choicequestion.obj
c:\users\sam\documents\my actual documents\whatever you would know the project would be named\choiceofgamecedarville\textgamecollab\textgamecollab\debug\main.obj
c:\users\sam\documents\my actual documents\whatever you would know the project would be named\choiceofgamecedarville\textgamecollab\textgamecollab\debug\library.obj
d:\git\choiceofgamecedarville\textgamecollab\debug\textgamecollab.pdb
d:\git\choiceofgamecedarville\textgamecollab\textgamecollab\debug\textgamecollab.tlog\cl.command.1.tlog
d:\git\choiceofgamecedarville\textgamecollab\textgamecollab\debug\textgamecollab.tlog\cl.read.1.tlog
d:\git\choiceofgamecedarville\textgamecollab\textgamecollab\debug\textgamecollab.tlog\cl.write.1.tlog
d:\git\choiceofgamecedarville\textgamecollab\textgamecollab\debug\textgamecollab.tlog\link-cvtres.read.1.tlog
d:\git\choiceofgamecedarville\textgamecollab\textgamecollab\debug\textgamecollab.tlog\link-cvtres.write.1.tlog
d:\git\choiceofgamecedarville\textgamecollab\textgamecollab\debug\textgamecollab.tlog\link-rc.read.1.tlog
d:\git\choiceofgamecedarville\textgamecollab\textgamecollab\debug\textgamecollab.tlog\link-rc.write.1.tlog
d:\git\choiceofgamecedarville\textgamecollab\textgamecollab\debug\textgamecollab.tlog\link.command.1.tlog
d:\git\choiceofgamecedarville\textgamecollab\textgamecollab\debug\textgamecollab.tlog\link.read.1.tlog
d:\git\choiceofgamecedarville\textgamecollab\textgamecollab\debug\textgamecollab.tlog\link.write.1.tlog
